Command line:
   ripple_led_top_isim_beh.exe
     -simmode  gui
     -simrunnum  0
     -socket  50027

Mon Jan 28 16:47:27 2019


 Elaboration Time: 0.05 sec

 Current Memory Usage: 225.792 Meg

 Total Signals          : 15
 Total Nets             : 22
 Total Signal Drivers   : 7
 Total Blocks           : 3
 Total Primitive Blocks : 2
 Total Processes        : 10
 Total Traceable Variables  : 21
 Total Scalar Nets and Variables : 137
Total Line Count : 33

 Total Simulation Time: 0.08 sec

 Current Memory Usage: 301.289 Meg

Mon Jan 28 16:48:05 2019

