
****** PlanAhead v14.7 (64-bit)
  **** Build 321239 by xbuild on Fri Sep 27 19:24:36 MDT 2013
    ** Copyright 1986-1999, 2001-2013 Xilinx, Inc. All Rights Reserved.

INFO: [Common 17-78] Attempting to get a license: PlanAhead
INFO: [Common 17-290] Got license for PlanAhead
INFO: [Common 17-86] Your PlanAhead license expires in -42 day(s)
INFO: [Device 21-36] Loading parts and site information from /opt/Xilinx/14.7/ISE_DS/PlanAhead/data/parts/arch.xml
Parsing RTL primitives file [/opt/Xilinx/14.7/ISE_DS/PlanAhead/data/parts/xilinx/rtl/prims/rtl_prims.xml]
Finished parsing RTL primitives file [/opt/Xilinx/14.7/ISE_DS/PlanAhead/data/parts/xilinx/rtl/prims/rtl_prims.xml]
start_gui
source /media/riteshkr/vaibhav/CS220Labs/Lab5_1/rotatory_shaft_encoder/pa.fromHdl.tcl
# create_project -name rotatory_shaft_encoder -dir "/media/riteshkr/vaibhav/CS220Labs/Lab5_1/rotatory_shaft_encoder/planAhead_run_1" -part xc3s500efg320-4
# set_param project.pinAheadLayout yes
# set srcset [get_property srcset [current_run -impl]]
# set_property target_constrs_file "module_top.ucf" [current_fileset -constrset]
Adding file '/media/riteshkr/vaibhav/CS220Labs/Lab5_1/rotatory_shaft_encoder/module_top.ucf' to fileset 'constrs_1'
# set hdlfile [add_files [list {module_top.v}]]
# set_property file_type Verilog $hdlfile
# set_property library work $hdlfile
# set_property top module_top $srcset
# add_files [list {module_top.ucf}] -fileset [get_property constrset [current_run]]
# open_rtl_design -part xc3s500efg320-4
Using Verific elaboration
Parsing VHDL file "/opt/Xilinx/14.7/ISE_DS/PlanAhead/data/parts/xilinx/rtl/lib/synplify/synattr.vhd" into library synplify
Analyzing Verilog file "/media/riteshkr/vaibhav/CS220Labs/Lab5_1/rotatory_shaft_encoder/module_top.v" into library work
CRITICAL WARNING: [EDIF 20-96] Could not resolve non-primitive black box cell 'MD1' instantiated as 'module_1' [/media/riteshkr/vaibhav/CS220Labs/Lab5_1/rotatory_shaft_encoder/module_top.v:27]
Resolution: File names need to match cell names: an EDIF definition will be found in MD1.edf; an HDL definition may be placed in any Verilog/VHDL file.
CRITICAL WARNING: [EDIF 20-96] Could not resolve non-primitive black box cell 'MD2' instantiated as 'module_2' [/media/riteshkr/vaibhav/CS220Labs/Lab5_1/rotatory_shaft_encoder/module_top.v:28]
Resolution: File names need to match cell names: an EDIF definition will be found in MD2.edf; an HDL definition may be placed in any Verilog/VHDL file.
INFO: [Designutils 20-910] Reading macro library /opt/Xilinx/14.7/ISE_DS/PlanAhead/data/./parts/xilinx/spartan3e/spartan3e/hd_int_macros.edn
Parsing EDIF File [/opt/Xilinx/14.7/ISE_DS/PlanAhead/data/./parts/xilinx/spartan3e/spartan3e/hd_int_macros.edn]
Finished Parsing EDIF File [/opt/Xilinx/14.7/ISE_DS/PlanAhead/data/./parts/xilinx/spartan3e/spartan3e/hd_int_macros.edn]
Loading clock regions from /opt/Xilinx/14.7/ISE_DS/PlanAhead/data/parts/xilinx/spartan3e/spartan3e/xc3s500e/ClockRegion.xml
Loading clock buffers from /opt/Xilinx/14.7/ISE_DS/PlanAhead/data/parts/xilinx/spartan3e/spartan3e/xc3s500e/ClockBuffers.xml
Loading package from /opt/Xilinx/14.7/ISE_DS/PlanAhead/data/parts/xilinx/spartan3e/spartan3e/xc3s500e/fg320/Package.xml
Loading io standards from /opt/Xilinx/14.7/ISE_DS/PlanAhead/data/./parts/xilinx/spartan3e/IOStandards.xml
INFO: [Device 21-19] Loading pkg sso from /opt/Xilinx/14.7/ISE_DS/PlanAhead/data/parts/xilinx/spartan3e/spartan3e/xc3s500e/fg320/SSORules.xml
Loading list of drcs for the architecture : /opt/Xilinx/14.7/ISE_DS/PlanAhead/data/./parts/xilinx/spartan3e/spartan3e/drc.xml
INFO: [Timing 38-77] Reading timing library /opt/Xilinx/14.7/ISE_DS/PlanAhead/data/parts/xilinx/spartan3e/spartan3e/spartan3e-4.lib.
INFO: [Timing 38-34] Done reading timing library /opt/Xilinx/14.7/ISE_DS/PlanAhead/data/parts/xilinx/spartan3e/spartan3e/spartan3e-4.lib.
Parsing UCF File [/media/riteshkr/vaibhav/CS220Labs/Lab5_1/rotatory_shaft_encoder/module_top.ucf]
Finished Parsing UCF File [/media/riteshkr/vaibhav/CS220Labs/Lab5_1/rotatory_shaft_encoder/module_top.ucf]
INFO: [Project 1-111] Unisim Transformation Summary:
No Unisim elements were transformed.

Phase 0 | Netlist Checksum: 6fbd09db
open_rtl_design: Time (s): cpu = 00:00:14 ; elapsed = 00:00:07 . Memory (MB): peak = 2826.543 ; gain = 145.805
update_compile_order -fileset sim_1
startgroup
set_property package_pin C9 [get_ports led0]
endgroup
set_property is_loc_fixed false [get_ports [list  led0]]
set_property iostandard LVCMOS33 [get_ports [list led0]]
set_property is_loc_fixed true [get_ports [list  led0]]
set_property package_pin "" [get_ports [list  led1]]
set_property package_pin "" [get_ports [list  led0]]
startgroup
set_property package_pin C9 [get_ports clk]
endgroup
set_property is_loc_fixed false [get_ports [list  clk]]
set_property is_loc_fixed true [get_ports [list  clk]]
set_property iostandard LVCMOS33 [get_ports [list clk]]
set_property iostandard {} [get_ports [list led0]]
set_property package_pin "" [get_ports [list  led1]]
set_property package_pin "" [get_ports [list  led0]]
set_property drive 8 [get_ports [list led0]]
set_property drive 8 [get_ports [list led1]]
set_property drive 8 [get_ports [list led2]]
set_property drive 8 [get_ports [list led3]]
set_property drive 8 [get_ports [list led4]]
set_property drive 8 [get_ports [list led5]]
set_property drive 8 [get_ports [list led6]]
set_property drive 8 [get_ports [list led7]]
set_property iostandard LVTTL [get_ports [list led0]]
set_property iostandard LVTTL [get_ports [list led1]]
set_property iostandard LVTTL [get_ports [list led2]]
set_property iostandard LVTTL [get_ports [list led3]]
set_property iostandard LVTTL [get_ports [list led4]]
set_property iostandard LVTTL [get_ports [list led5]]
set_property iostandard LVTTL [get_ports [list led6]]
set_property iostandard LVTTL [get_ports [list led7]]
startgroup
set_property package_pin F12 [get_ports led0]
endgroup
startgroup
set_property package_pin E12 [get_ports led1]
endgroup
startgroup
set_property package_pin E11 [get_ports led2]
endgroup
startgroup
set_property package_pin F11 [get_ports led3]
endgroup
startgroup
set_property package_pin C11 [get_ports led4]
endgroup
startgroup
set_property package_pin D11 [get_ports led5]
endgroup
startgroup
set_property package_pin E9 [get_ports led6]
endgroup
startgroup
set_property package_pin F9 [get_ports led7]
endgroup
startgroup
set_property package_pin K18 [get_ports ROT_A]
endgroup
set_property iostandard LVTTL [get_ports [list ROT_A]]
set_property pulltype PULLUP [get_ports [list ROT_A]]
startgroup
set_property package_pin G18 [get_ports ROT_B]
endgroup
set_property iostandard LVTTL [get_ports [list ROT_B]]
set_property pulltype PULLUP [get_ports [list ROT_B]]
save_constraints
exit
ERROR: [Common 17-39] 'stop_gui' failed due to earlier errors.
INFO: [Common 17-206] Exiting PlanAhead at Mon Feb 11 14:37:41 2019...
INFO: [Common 17-83] Releasing license: PlanAhead
