#-----------------------------------------------------------
# PlanAhead v14.7 (64-bit)
# Build 321239 by xbuild on Fri Sep 27 19:24:36 MDT 2013
# Start of session at: Mon Mar  4 14:13:27 2019
# Process ID: 30007
# Log file: /media/vaibhavj/vaibhav/CS220Labs/Lab6_2/walk_in_a_square_grid/planAhead_run_1/planAhead.log
# Journal file: /media/vaibhavj/vaibhav/CS220Labs/Lab6_2/walk_in_a_square_grid/planAhead_run_1/planAhead.jou
#-----------------------------------------------------------
INFO: [Common 17-78] Attempting to get a license: PlanAhead
INFO: [Common 17-290] Got license for PlanAhead
INFO: [Common 17-86] Your PlanAhead license expires in -63 day(s)
INFO: [Device 21-36] Loading parts and site information from /opt/Xilinx/14.7/ISE_DS/PlanAhead/data/parts/arch.xml
Parsing RTL primitives file [/opt/Xilinx/14.7/ISE_DS/PlanAhead/data/parts/xilinx/rtl/prims/rtl_prims.xml]
Finished parsing RTL primitives file [/opt/Xilinx/14.7/ISE_DS/PlanAhead/data/parts/xilinx/rtl/prims/rtl_prims.xml]
start_gui
source /media/vaibhavj/vaibhav/CS220Labs/Lab6_2/walk_in_a_square_grid/pa.fromHdl.tcl
# create_project -name walk_in_a_square_grid -dir "/media/vaibhavj/vaibhav/CS220Labs/Lab6_2/walk_in_a_square_grid/planAhead_run_1" -part xc3s500efg320-4
# set_param project.pinAheadLayout yes
# set srcset [get_property srcset [current_run -impl]]
# set_property target_constrs_file "top.ucf" [current_fileset -constrset]
Adding file '/media/vaibhavj/vaibhav/CS220Labs/Lab6_2/walk_in_a_square_grid/top.ucf' to fileset 'constrs_1'
# set hdlfile [add_files [list {rot_event_detect.v}]]
# set_property file_type Verilog $hdlfile
# set_property library work $hdlfile
# set hdlfile [add_files [list {detect_edge_rise.v}]]
# set_property file_type Verilog $hdlfile
# set_property library work $hdlfile
# set hdlfile [add_files [list {top.v}]]
# set_property file_type Verilog $hdlfile
# set_property library work $hdlfile
# set_property top top $srcset
# add_files [list {top.ucf}] -fileset [get_property constrset [current_run]]
# open_rtl_design -part xc3s500efg320-4
Using Verific elaboration
Parsing VHDL file "/opt/Xilinx/14.7/ISE_DS/PlanAhead/data/parts/xilinx/rtl/lib/synplify/synattr.vhd" into library synplify
Analyzing Verilog file "/media/vaibhavj/vaibhav/CS220Labs/Lab6_2/walk_in_a_square_grid/rot_event_detect.v" into library work
Analyzing Verilog file "/media/vaibhavj/vaibhav/CS220Labs/Lab6_2/walk_in_a_square_grid/detect_edge_rise.v" into library work
Analyzing Verilog file "/media/vaibhavj/vaibhav/CS220Labs/Lab6_2/walk_in_a_square_grid/top.v" into library work
INFO: [Designutils 20-910] Reading macro library /opt/Xilinx/14.7/ISE_DS/PlanAhead/data/./parts/xilinx/spartan3e/spartan3e/hd_int_macros.edn
Parsing EDIF File [/opt/Xilinx/14.7/ISE_DS/PlanAhead/data/./parts/xilinx/spartan3e/spartan3e/hd_int_macros.edn]
Finished Parsing EDIF File [/opt/Xilinx/14.7/ISE_DS/PlanAhead/data/./parts/xilinx/spartan3e/spartan3e/hd_int_macros.edn]
Loading clock regions from /opt/Xilinx/14.7/ISE_DS/PlanAhead/data/parts/xilinx/spartan3e/spartan3e/xc3s500e/ClockRegion.xml
Loading clock buffers from /opt/Xilinx/14.7/ISE_DS/PlanAhead/data/parts/xilinx/spartan3e/spartan3e/xc3s500e/ClockBuffers.xml
Loading package from /opt/Xilinx/14.7/ISE_DS/PlanAhead/data/parts/xilinx/spartan3e/spartan3e/xc3s500e/fg320/Package.xml
Loading io standards from /opt/Xilinx/14.7/ISE_DS/PlanAhead/data/./parts/xilinx/spartan3e/IOStandards.xml
INFO: [Device 21-19] Loading pkg sso from /opt/Xilinx/14.7/ISE_DS/PlanAhead/data/parts/xilinx/spartan3e/spartan3e/xc3s500e/fg320/SSORules.xml
Loading list of drcs for the architecture : /opt/Xilinx/14.7/ISE_DS/PlanAhead/data/./parts/xilinx/spartan3e/spartan3e/drc.xml
INFO: [Timing 38-77] Reading timing library /opt/Xilinx/14.7/ISE_DS/PlanAhead/data/parts/xilinx/spartan3e/spartan3e/spartan3e-4.lib.
INFO: [Timing 38-34] Done reading timing library /opt/Xilinx/14.7/ISE_DS/PlanAhead/data/parts/xilinx/spartan3e/spartan3e/spartan3e-4.lib.
Parsing UCF File [/media/vaibhavj/vaibhav/CS220Labs/Lab6_2/walk_in_a_square_grid/top.ucf]
Finished Parsing UCF File [/media/vaibhavj/vaibhav/CS220Labs/Lab6_2/walk_in_a_square_grid/top.ucf]
INFO: [Project 1-111] Unisim Transformation Summary:
No Unisim elements were transformed.

Phase 0 | Netlist Checksum: e70f331c
open_rtl_design: Time (s): cpu = 00:00:16 ; elapsed = 00:00:06 . Memory (MB): peak = 2824.953 ; gain = 136.410
update_compile_order -fileset sim_1
startgroup
set_property package_pin F11 [get_ports {sumx[3]}]
endgroup
startgroup
set_property package_pin E11 [get_ports {sumx[2]}]
endgroup
startgroup
set_property package_pin E12 [get_ports {sumx[1]}]
endgroup
startgroup
set_property package_pin F12 [get_ports {sumx[0]}]
endgroup
set_property iostandard LVTTL [get_ports [list {sumx[3]}]]
set_property iostandard LVTTL [get_ports [list {sumx[2]}]]
set_property iostandard LVTTL [get_ports [list {sumx[1]}]]
set_property iostandard LVTTL [get_ports [list {sumx[0]}]]
set_property drive 8 [get_ports [list {sumx[4]} {sumx[3]} {sumx[2]} {sumx[1]} {sumx[0]}]]
startgroup
set_property package_pin F9 [get_ports {sumy[3]}]
endgroup
startgroup
set_property package_pin E9 [get_ports {sumy[2]}]
endgroup
startgroup
set_property package_pin D11 [get_ports {sumy[1]}]
endgroup
startgroup
set_property package_pin C11 [get_ports {sumy[0]}]
endgroup
set_property is_loc_fixed false [get_ports [list  {sumy[0]}]]
set_property iostandard LVTTL [get_ports [list {sumy[4]} {sumy[3]} {sumy[2]} {sumy[1]} {sumy[0]}]]
set_property drive 8 [get_ports [list {sumy[4]} {sumy[3]} {sumy[2]} {sumy[1]} {sumy[0]}]]
startgroup
set_property package_pin C9 [get_ports clk]
endgroup
set_property iostandard LVCMOS33 [get_ports [list clk]]
startgroup
set_property package_pin L13 [get_ports inp1]
endgroup
startgroup
set_property package_pin L14 [get_ports inp2]
endgroup
startgroup
set_property package_pin H18 [get_ports inp3]
endgroup
startgroup
set_property package_pin N17 [get_ports inp4]
endgroup
set_property iostandard LVTTL [get_ports [list inp1]]
set_property iostandard LVTTL [get_ports [list inp2]]
set_property iostandard LVTTL [get_ports [list inp3]]
set_property iostandard LVTTL [get_ports [list inp4]]
set_property pulltype PULLUP [get_ports [list inp1]]
set_property pulltype PULLUP [get_ports [list inp2]]
set_property pulltype PULLUP [get_ports [list inp3]]
set_property pulltype PULLUP [get_ports [list inp4]]
startgroup
set_property package_pin K18 [get_ports ROT_A]
endgroup
startgroup
set_property package_pin G18 [get_ports ROT_B]
endgroup
set_property iostandard LVTTL [get_ports [list ROT_A]]
set_property iostandard LVTTL [get_ports [list ROT_B]]
set_property pulltype PULLUP [get_ports [list ROT_A]]
set_property pulltype PULLUP [get_ports [list ROT_B]]
save_constraints
exit
ERROR: [#UNDEF] *** Exception: ui.h.b: Found deleted key in HTclEventBroker. Verify if the classes listed here call cleanup()
HTclEvent: DEBUG_CORE_CONFIG_CHANGE   Classes: ui.views.aR 
HTclEvent: SIGNAL_BUS_MODIFY   Classes: ui.views.aR 
HTclEvent: SIGNAL_MODIFY   Classes: ui.views.aR 
HTclEvent: DEBUG_PORT_CONFIG_CHANGE   Classes: ui.views.aR 
 (See /media/vaibhavj/vaibhav/CS220Labs/Lab6_2/walk_in_a_square_grid/planAhead_pid30007.debug)
ERROR: [Common 17-39] 'stop_gui' failed due to earlier errors.
INFO: [Common 17-206] Exiting PlanAhead at Mon Mar  4 14:19:13 2019...
INFO: [Common 17-83] Releasing license: PlanAhead
