Running: /opt/Xilinx/14.7/ISE_DS/ISE/bin/lin64/unwrapped/fuse -intstyle ise -incremental -lib unisims_ver -lib unimacro_ver -lib xilinxcorelib_ver -o /media/vaibhavj/vaibhav/CS220Labs/Lab9_1/mips_inst/top_isim_beh.exe -prj /media/vaibhavj/vaibhav/CS220Labs/Lab9_1/mips_inst/top_beh.prj work.top work.glbl 
ISim P.20131013 (signature 0xfbc00daa)
Number of CPUs detected in this system: 8
Turning on mult-threading, number of parallel sub-compilation jobs: 16 
Determining compilation order of HDL files
Analyzing Verilog file "/media/vaibhavj/vaibhav/CS220Labs/Lab9_1/mips_inst/main.v" into library work
Analyzing Verilog file "/media/vaibhavj/vaibhav/CS220Labs/Lab9_1/mips_inst/top.v" into library work
Analyzing Verilog file "/opt/Xilinx/14.7/ISE_DS/ISE//verilog/src/glbl.v" into library work
Starting static elaboration
Completed static elaboration
Fuse Memory Usage: 94664 KB
Fuse CPU Usage: 1400 ms
Compiling module main
Compiling module top
Compiling module glbl
Time Resolution for simulation is 1ps.
Waiting for 1 sub-compilation(s) to finish...
Compiled 3 Verilog Units
Built simulation executable /media/vaibhavj/vaibhav/CS220Labs/Lab9_1/mips_inst/top_isim_beh.exe
Fuse Memory Usage: 1179272 KB
Fuse CPU Usage: 1410 ms
GCC CPU Usage: 470 ms
