ISim log file
Running: /media/vaibhavj/vaibhav/CS220Labs/Lab9_1/mips_inst/top_isim_beh.exe -intstyle ise -gui -tclbatch isim.cmd -wdb /media/vaibhavj/vaibhav/CS220Labs/Lab9_1/mips_inst/top_isim_beh.wdb 
ISim P.20131013 (signature 0xfbc00daa)
WARNING: A WEBPACK license was found.
WARNING: Please use Xilinx License Configuration Manager to check out a full ISim license.
WARNING: ISim will run in Lite mode. Please refer to the ISim documentation for more information on the differences between the Lite and the Full version.
This is a Lite version of ISim.
Time resolution is 1 ps
# onerror resume
# wave add /
# run 1000 ns
Simulator is doing circuit initialization process.
r3=0 r4=0 r5=0 r6=0
Finished circuit initialization process.
r3=0 r4=1 r5=0 r6=0
r3=0 r4=1 r5=1 r6=0
r3=0 r4=2 r5=1 r6=1
r3=1 r4=2 r5=1 r6=1
r3=1 r4=2 r5=1 r6=2
r3=2 r4=2 r5=1 r6=2
r3=2 r4=2 r5=2 r6=2
r3=2 r4=2 r5=2 r6=2
# exit 0
