Release 14.7 - xst P.20131013 (lin64)
Copyright (c) 1995-2013 Xilinx, Inc.  All rights reserved.
--> 
Parameter TMPDIR set to xst/projnav.tmp


Total REAL time to Xst completion: 0.00 secs
Total CPU time to Xst completion: 0.09 secs
 
--> 
Parameter xsthdpdir set to xst


Total REAL time to Xst completion: 0.00 secs
Total CPU time to Xst completion: 0.09 secs
 
--> 
Reading design: main.prj

TABLE OF CONTENTS
  1) Synthesis Options Summary
  2) HDL Compilation
  3) Design Hierarchy Analysis
  4) HDL Analysis
  5) HDL Synthesis
     5.1) HDL Synthesis Report
  6) Advanced HDL Synthesis
     6.1) Advanced HDL Synthesis Report
  7) Low Level Synthesis
  8) Partition Report
  9) Final Report
	9.1) Device utilization summary
	9.2) Partition Resource Summary
	9.3) TIMING REPORT


=========================================================================
*                      Synthesis Options Summary                        *
=========================================================================
---- Source Parameters
Input File Name                    : "main.prj"
Input Format                       : mixed
Ignore Synthesis Constraint File   : NO

---- Target Parameters
Output File Name                   : "main"
Output Format                      : NGC
Target Device                      : xc3s500e-4-fg320

---- Source Options
Top Module Name                    : main
Automatic FSM Extraction           : YES
FSM Encoding Algorithm             : Auto
Safe Implementation                : No
FSM Style                          : LUT
RAM Extraction                     : Yes
RAM Style                          : Auto
ROM Extraction                     : Yes
Mux Style                          : Auto
Decoder Extraction                 : YES
Priority Encoder Extraction        : Yes
Shift Register Extraction          : YES
Logical Shifter Extraction         : YES
XOR Collapsing                     : YES
ROM Style                          : Auto
Mux Extraction                     : Yes
Resource Sharing                   : YES
Asynchronous To Synchronous        : NO
Multiplier Style                   : Auto
Automatic Register Balancing       : No

---- Target Options
Add IO Buffers                     : YES
Global Maximum Fanout              : 500
Add Generic Clock Buffer(BUFG)     : 24
Register Duplication               : YES
Slice Packing                      : YES
Optimize Instantiated Primitives   : NO
Use Clock Enable                   : Yes
Use Synchronous Set                : Yes
Use Synchronous Reset              : Yes
Pack IO Registers into IOBs        : Auto
Equivalent register Removal        : YES

---- General Options
Optimization Goal                  : Speed
Optimization Effort                : 1
Keep Hierarchy                     : No
Netlist Hierarchy                  : As_Optimized
RTL Output                         : Yes
Global Optimization                : AllClockNets
Read Cores                         : YES
Write Timing Constraints           : NO
Cross Clock Analysis               : NO
Hierarchy Separator                : /
Bus Delimiter                      : <>
Case Specifier                     : Maintain
Slice Utilization Ratio            : 100
BRAM Utilization Ratio             : 100
Verilog 2001                       : YES
Auto BRAM Packing                  : NO
Slice Utilization Ratio Delta      : 5

=========================================================================


=========================================================================
*                          HDL Compilation                              *
=========================================================================
Compiling verilog file "main.v" in library work
Module <main> compiled
No errors in compilation
Analysis of file <"main.prj"> succeeded.
 

=========================================================================
*                     Design Hierarchy Analysis                         *
=========================================================================
Analyzing hierarchy for module <main> in library <work>.


=========================================================================
*                            HDL Analysis                               *
=========================================================================
Analyzing top module <main>.
INFO:Xst:1433 - Contents of array <regfile> may be accessed with an index that exceeds the array size. This could cause simulation mismatch.
Module <main> is correct for synthesis.
 

=========================================================================
*                           HDL Synthesis                               *
=========================================================================

Performing bidirectional port resolution...

Synthesizing Unit <main>.
    Related source file is "main.v".
WARNING:Xst:646 - Signal <temp> is assigned but never used. This unconnected signal will be trimmed during the optimization process.
WARNING:Xst:1781 - Signal <regfile> is used but never assigned. Tied to default value.
    Found 8x32-bit ROM for signal <$old_temp_1>.
    Found 8-bit register for signal <led>.
    Found 3-bit up counter for signal <i>.
    Found 2-bit up counter for signal <j>.
    Found 41-bit up counter for signal <pc>.
    Found 3-bit up counter for signal <r>.
    Found 41-bit comparator greatequal for signal <r$cmp_ge0000> created at line 62.
    Found 2-bit up counter for signal <r3>.
    Found 2-bit register for signal <r4>.
    Found 41-bit comparator less for signal <r4$cmp_lt0000> created at line 62.
    Found 2-bit adder for signal <r4$share0000>.
    Found 2-bit register for signal <r5>.
    Found 2-bit adder for signal <r5$share0000>.
    Found 2-bit register for signal <r6>.
    Found 2-bit adder for signal <r6$share0000>.
    Summary:
	inferred   1 ROM(s).
	inferred   5 Counter(s).
	inferred  14 D-type flip-flop(s).
	inferred   3 Adder/Subtractor(s).
	inferred   2 Comparator(s).
Unit <main> synthesized.

INFO:Xst:1767 - HDL ADVISOR - Resource sharing has identified that some arithmetic operations in this design can share the same physical resources for reduced device utilization. For improved clock frequency you may try to disable resource sharing.

=========================================================================
HDL Synthesis Report

Macro Statistics
# ROMs                                                 : 1
 8x32-bit ROM                                          : 1
# Adders/Subtractors                                   : 3
 2-bit adder                                           : 3
# Counters                                             : 5
 2-bit up counter                                      : 2
 3-bit up counter                                      : 2
 41-bit up counter                                     : 1
# Registers                                            : 11
 1-bit register                                        : 8
 2-bit register                                        : 3
# Comparators                                          : 2
 41-bit comparator greatequal                          : 1
 41-bit comparator less                                : 1

=========================================================================

=========================================================================
*                       Advanced HDL Synthesis                          *
=========================================================================


=========================================================================
Advanced HDL Synthesis Report

Macro Statistics
# ROMs                                                 : 1
 8x32-bit ROM                                          : 1
# Adders/Subtractors                                   : 3
 2-bit adder                                           : 3
# Counters                                             : 5
 2-bit up counter                                      : 2
 3-bit up counter                                      : 2
 41-bit up counter                                     : 1
# Registers                                            : 14
 Flip-Flops                                            : 14
# Comparators                                          : 2
 41-bit comparator greatequal                          : 1
 41-bit comparator less                                : 1

=========================================================================

=========================================================================
*                         Low Level Synthesis                           *
=========================================================================

Optimizing unit <main> ...
WARNING:Xst:1293 - FF/Latch <r4_0> has a constant value of 0 in block <main>. This FF/Latch will be trimmed during the optimization process.
WARNING:Xst:1896 - Due to other FF/Latch trimming, FF/Latch <r4_1> has a constant value of 0 in block <main>. This FF/Latch will be trimmed during the optimization process.
WARNING:Xst:1293 - FF/Latch <r4_0> has a constant value of 0 in block <main>. This FF/Latch will be trimmed during the optimization process.
WARNING:Xst:1896 - Due to other FF/Latch trimming, FF/Latch <r4_1> has a constant value of 0 in block <main>. This FF/Latch will be trimmed during the optimization process.
WARNING:Xst:1293 - FF/Latch <r4_0> has a constant value of 0 in block <main>. This FF/Latch will be trimmed during the optimization process.
WARNING:Xst:1896 - Due to other FF/Latch trimming, FF/Latch <r4_1> has a constant value of 0 in block <main>. This FF/Latch will be trimmed during the optimization process.
WARNING:Xst:1293 - FF/Latch <r4_0> has a constant value of 0 in block <main>. This FF/Latch will be trimmed during the optimization process.
WARNING:Xst:1896 - Due to other FF/Latch trimming, FF/Latch <r4_1> has a constant value of 0 in block <main>. This FF/Latch will be trimmed during the optimization process.

Mapping all equations...
Building and optimizing final netlist ...
Found area constraint ratio of 100 (+ 5) on block main, actual ratio is 0.

Final Macro Processing ...

=========================================================================
Final Register Report

Macro Statistics
# Registers                                            : 63
 Flip-Flops                                            : 63

=========================================================================

=========================================================================
*                           Partition Report                            *
=========================================================================

Partition Implementation Status
-------------------------------

  No Partitions were found in this design.

-------------------------------

=========================================================================
*                            Final Report                               *
=========================================================================
Final Results
RTL Top Level Output File Name     : main.ngr
Top Level Output File Name         : main
Output Format                      : NGC
Optimization Goal                  : Speed
Keep Hierarchy                     : No

Design Statistics
# IOs                              : 10

Cell Usage :
# BELS                             : 175
#      GND                         : 1
#      INV                         : 7
#      LUT1                        : 41
#      LUT2                        : 4
#      LUT3                        : 8
#      LUT4                        : 19
#      MUXCY                       : 51
#      MUXF5                       : 2
#      VCC                         : 1
#      XORCY                       : 41
# FlipFlops/Latches                : 63
#      FD                          : 47
#      FDE                         : 14
#      FDR                         : 2
# Clock Buffers                    : 1
#      BUFGP                       : 1
# IO Buffers                       : 9
#      IBUF                        : 1
#      OBUF                        : 8
=========================================================================

Device utilization summary:
---------------------------

Selected Device : 3s500efg320-4 

 Number of Slices:                       45  out of   4656     0%  
 Number of Slice Flip Flops:             63  out of   9312     0%  
 Number of 4 input LUTs:                 79  out of   9312     0%  
 Number of IOs:                          10
 Number of bonded IOBs:                  10  out of    232     4%  
 Number of GCLKs:                         1  out of     24     4%  

---------------------------
Partition Resource Summary:
---------------------------

  No Partitions were found in this design.

---------------------------


=========================================================================
TIMING REPORT

NOTE: THESE TIMING NUMBERS ARE ONLY A SYNTHESIS ESTIMATE.
      FOR ACCURATE TIMING INFORMATION PLEASE REFER TO THE TRACE REPORT
      GENERATED AFTER PLACE-and-ROUTE.

Clock Information:
------------------
-----------------------------------+------------------------+-------+
Clock Signal                       | Clock buffer(FF name)  | Load  |
-----------------------------------+------------------------+-------+
clk                                | BUFGP                  | 63    |
-----------------------------------+------------------------+-------+

Asynchronous Control Signals Information:
----------------------------------------
No asynchronous control signals found in this design

Timing Summary:
---------------
Speed Grade: -4

   Minimum period: 6.221ns (Maximum Frequency: 160.746MHz)
   Minimum input arrival time before clock: 3.162ns
   Maximum output required time after clock: 4.283ns
   Maximum combinational path delay: No path found

Timing Detail:
--------------
All values displayed in nanoseconds (ns)

=========================================================================
Timing constraint: Default period analysis for Clock 'clk'
  Clock period: 6.221ns (frequency: 160.746MHz)
  Total number of paths / destination ports: 1481 / 77
-------------------------------------------------------------------------
Delay:               6.221ns (Levels of Logic = 41)
  Source:            pc_1 (FF)
  Destination:       pc_40 (FF)
  Source Clock:      clk rising
  Destination Clock: clk rising

  Data Path: pc_1 to pc_40
                                Gate     Net
    Cell:in->out      fanout   Delay   Delay  Logical Name (Net Name)
    ----------------------------------------  ------------
     FD:C->Q              11   0.591   1.108  pc_1 (pc_1)
     LUT1:I0->O            1   0.704   0.000  Mcount_pc_cy<1>_rt (Mcount_pc_cy<1>_rt)
     MUXCY:S->O            1   0.464   0.000  Mcount_pc_cy<1> (Mcount_pc_cy<1>)
     MUXCY:CI->O           1   0.059   0.000  Mcount_pc_cy<2> (Mcount_pc_cy<2>)
     MUXCY:CI->O           1   0.059   0.000  Mcount_pc_cy<3> (Mcount_pc_cy<3>)
     MUXCY:CI->O           1   0.059   0.000  Mcount_pc_cy<4> (Mcount_pc_cy<4>)
     MUXCY:CI->O           1   0.059   0.000  Mcount_pc_cy<5> (Mcount_pc_cy<5>)
     MUXCY:CI->O           1   0.059   0.000  Mcount_pc_cy<6> (Mcount_pc_cy<6>)
     MUXCY:CI->O           1   0.059   0.000  Mcount_pc_cy<7> (Mcount_pc_cy<7>)
     MUXCY:CI->O           1   0.059   0.000  Mcount_pc_cy<8> (Mcount_pc_cy<8>)
     MUXCY:CI->O           1   0.059   0.000  Mcount_pc_cy<9> (Mcount_pc_cy<9>)
     MUXCY:CI->O           1   0.059   0.000  Mcount_pc_cy<10> (Mcount_pc_cy<10>)
     MUXCY:CI->O           1   0.059   0.000  Mcount_pc_cy<11> (Mcount_pc_cy<11>)
     MUXCY:CI->O           1   0.059   0.000  Mcount_pc_cy<12> (Mcount_pc_cy<12>)
     MUXCY:CI->O           1   0.059   0.000  Mcount_pc_cy<13> (Mcount_pc_cy<13>)
     MUXCY:CI->O           1   0.059   0.000  Mcount_pc_cy<14> (Mcount_pc_cy<14>)
     MUXCY:CI->O           1   0.059   0.000  Mcount_pc_cy<15> (Mcount_pc_cy<15>)
     MUXCY:CI->O           1   0.059   0.000  Mcount_pc_cy<16> (Mcount_pc_cy<16>)
     MUXCY:CI->O           1   0.059   0.000  Mcount_pc_cy<17> (Mcount_pc_cy<17>)
     MUXCY:CI->O           1   0.059   0.000  Mcount_pc_cy<18> (Mcount_pc_cy<18>)
     MUXCY:CI->O           1   0.059   0.000  Mcount_pc_cy<19> (Mcount_pc_cy<19>)
     MUXCY:CI->O           1   0.059   0.000  Mcount_pc_cy<20> (Mcount_pc_cy<20>)
     MUXCY:CI->O           1   0.059   0.000  Mcount_pc_cy<21> (Mcount_pc_cy<21>)
     MUXCY:CI->O           1   0.059   0.000  Mcount_pc_cy<22> (Mcount_pc_cy<22>)
     MUXCY:CI->O           1   0.059   0.000  Mcount_pc_cy<23> (Mcount_pc_cy<23>)
     MUXCY:CI->O           1   0.059   0.000  Mcount_pc_cy<24> (Mcount_pc_cy<24>)
     MUXCY:CI->O           1   0.059   0.000  Mcount_pc_cy<25> (Mcount_pc_cy<25>)
     MUXCY:CI->O           1   0.059   0.000  Mcount_pc_cy<26> (Mcount_pc_cy<26>)
     MUXCY:CI->O           1   0.059   0.000  Mcount_pc_cy<27> (Mcount_pc_cy<27>)
     MUXCY:CI->O           1   0.059   0.000  Mcount_pc_cy<28> (Mcount_pc_cy<28>)
     MUXCY:CI->O           1   0.059   0.000  Mcount_pc_cy<29> (Mcount_pc_cy<29>)
     MUXCY:CI->O           1   0.059   0.000  Mcount_pc_cy<30> (Mcount_pc_cy<30>)
     MUXCY:CI->O           1   0.059   0.000  Mcount_pc_cy<31> (Mcount_pc_cy<31>)
     MUXCY:CI->O           1   0.059   0.000  Mcount_pc_cy<32> (Mcount_pc_cy<32>)
     MUXCY:CI->O           1   0.059   0.000  Mcount_pc_cy<33> (Mcount_pc_cy<33>)
     MUXCY:CI->O           1   0.059   0.000  Mcount_pc_cy<34> (Mcount_pc_cy<34>)
     MUXCY:CI->O           1   0.059   0.000  Mcount_pc_cy<35> (Mcount_pc_cy<35>)
     MUXCY:CI->O           1   0.059   0.000  Mcount_pc_cy<36> (Mcount_pc_cy<36>)
     MUXCY:CI->O           1   0.059   0.000  Mcount_pc_cy<37> (Mcount_pc_cy<37>)
     MUXCY:CI->O           1   0.059   0.000  Mcount_pc_cy<38> (Mcount_pc_cy<38>)
     MUXCY:CI->O           0   0.059   0.000  Mcount_pc_cy<39> (Mcount_pc_cy<39>)
     XORCY:CI->O           1   0.804   0.000  Mcount_pc_xor<40> (Result<40>)
     FD:D                      0.308          pc_40
    ----------------------------------------
    Total                      6.221ns (5.113ns logic, 1.108ns route)
                                       (82.2% logic, 17.8% route)

=========================================================================
Timing constraint: Default OFFSET IN BEFORE for Clock 'clk'
  Total number of paths / destination ports: 8 / 8
-------------------------------------------------------------------------
Offset:              3.162ns (Levels of Logic = 2)
  Source:            sw (PAD)
  Destination:       led_0 (FF)
  Destination Clock: clk rising

  Data Path: sw to led_0
                                Gate     Net
    Cell:in->out      fanout   Delay   Delay  Logical Name (Net Name)
    ----------------------------------------  ------------
     IBUF:I->O             8   1.218   0.932  sw_IBUF (sw_IBUF)
     LUT3:I0->O            1   0.704   0.000  led_7_mux00001 (led_7_mux0000)
     FD:D                      0.308          led_7
    ----------------------------------------
    Total                      3.162ns (2.230ns logic, 0.932ns route)
                                       (70.5% logic, 29.5% route)

=========================================================================
Timing constraint: Default OFFSET OUT AFTER for Clock 'clk'
  Total number of paths / destination ports: 8 / 8
-------------------------------------------------------------------------
Offset:              4.283ns (Levels of Logic = 1)
  Source:            led_7 (FF)
  Destination:       led<7> (PAD)
  Source Clock:      clk rising

  Data Path: led_7 to led<7>
                                Gate     Net
    Cell:in->out      fanout   Delay   Delay  Logical Name (Net Name)
    ----------------------------------------  ------------
     FD:C->Q               1   0.591   0.420  led_7 (led_7)
     OBUF:I->O                 3.272          led_7_OBUF (led<7>)
    ----------------------------------------
    Total                      4.283ns (3.863ns logic, 0.420ns route)
                                       (90.2% logic, 9.8% route)

=========================================================================


Total REAL time to Xst completion: 9.00 secs
Total CPU time to Xst completion: 8.74 secs
 
--> 


Total memory usage is 516656 kilobytes

Number of errors   :    0 (   0 filtered)
Number of warnings :   10 (   0 filtered)
Number of infos    :    2 (   0 filtered)

