Command line:
   full_adder_top_isim_beh.exe
     -simmode  gui
     -simrunnum  0
     -socket  55430

Mon Jan 14 14:40:39 2019


 Elaboration Time: 0.04 sec

 Current Memory Usage: 225.792 Meg

 Total Signals          : 20
 Total Nets             : 18
 Total Signal Drivers   : 10
 Total Blocks           : 3
 Total Primitive Blocks : 2
 Total Processes        : 13
 Total Traceable Variables  : 21
 Total Scalar Nets and Variables : 101
Total Line Count : 28

 Total Simulation Time: 0.14 sec

 Current Memory Usage: 301.289 Meg

Mon Jan 14 14:46:01 2019

