
****** PlanAhead v14.7 (64-bit)
  **** Build 321239 by xbuild on Fri Sep 27 19:24:36 MDT 2013
    ** Copyright 1986-1999, 2001-2013 Xilinx, Inc. All Rights Reserved.

INFO: [Common 17-78] Attempting to get a license: PlanAhead
INFO: [Common 17-290] Got license for PlanAhead
INFO: [Common 17-86] Your PlanAhead license expires in -21 day(s)
INFO: [Device 21-36] Loading parts and site information from /opt/Xilinx/14.7/ISE_DS/PlanAhead/data/parts/arch.xml
Parsing RTL primitives file [/opt/Xilinx/14.7/ISE_DS/PlanAhead/data/parts/xilinx/rtl/prims/rtl_prims.xml]
Finished parsing RTL primitives file [/opt/Xilinx/14.7/ISE_DS/PlanAhead/data/parts/xilinx/rtl/prims/rtl_prims.xml]
start_gui
source /media/vaibhavj/28E1-CC83/CS220Labs/Lab2_1/two_bit_adder/pa.fromHdl.tcl
# create_project -name two_bit_adder -dir "/media/vaibhavj/28E1-CC83/CS220Labs/Lab2_1/two_bit_adder/planAhead_run_1" -part xc3s500efg320-4
# set_param project.pinAheadLayout yes
# set srcset [get_property srcset [current_run -impl]]
# set_property target_constrs_file "two_bit_adder.ucf" [current_fileset -constrset]
Adding file '/media/vaibhavj/28E1-CC83/CS220Labs/Lab2_1/two_bit_adder/two_bit_adder.ucf' to fileset 'constrs_1'
# set hdlfile [add_files [list {full_adder.v}]]
# set_property file_type Verilog $hdlfile
# set_property library work $hdlfile
# set hdlfile [add_files [list {two_bit_adder.v}]]
# set_property file_type Verilog $hdlfile
# set_property library work $hdlfile
# set_property top two_bit_adder $srcset
# add_files [list {two_bit_adder.ucf}] -fileset [get_property constrset [current_run]]
# open_rtl_design -part xc3s500efg320-4
Using Verific elaboration
Parsing VHDL file "/opt/Xilinx/14.7/ISE_DS/PlanAhead/data/parts/xilinx/rtl/lib/synplify/synattr.vhd" into library synplify
Analyzing Verilog file "/media/vaibhavj/28E1-CC83/CS220Labs/Lab2_1/two_bit_adder/full_adder.v" into library work
Analyzing Verilog file "/media/vaibhavj/28E1-CC83/CS220Labs/Lab2_1/two_bit_adder/two_bit_adder.v" into library work
INFO: [Designutils 20-910] Reading macro library /opt/Xilinx/14.7/ISE_DS/PlanAhead/data/./parts/xilinx/spartan3e/spartan3e/hd_int_macros.edn
Parsing EDIF File [/opt/Xilinx/14.7/ISE_DS/PlanAhead/data/./parts/xilinx/spartan3e/spartan3e/hd_int_macros.edn]
Finished Parsing EDIF File [/opt/Xilinx/14.7/ISE_DS/PlanAhead/data/./parts/xilinx/spartan3e/spartan3e/hd_int_macros.edn]
Loading clock regions from /opt/Xilinx/14.7/ISE_DS/PlanAhead/data/parts/xilinx/spartan3e/spartan3e/xc3s500e/ClockRegion.xml
Loading clock buffers from /opt/Xilinx/14.7/ISE_DS/PlanAhead/data/parts/xilinx/spartan3e/spartan3e/xc3s500e/ClockBuffers.xml
Loading package from /opt/Xilinx/14.7/ISE_DS/PlanAhead/data/parts/xilinx/spartan3e/spartan3e/xc3s500e/fg320/Package.xml
Loading io standards from /opt/Xilinx/14.7/ISE_DS/PlanAhead/data/./parts/xilinx/spartan3e/IOStandards.xml
INFO: [Device 21-19] Loading pkg sso from /opt/Xilinx/14.7/ISE_DS/PlanAhead/data/parts/xilinx/spartan3e/spartan3e/xc3s500e/fg320/SSORules.xml
Loading list of drcs for the architecture : /opt/Xilinx/14.7/ISE_DS/PlanAhead/data/./parts/xilinx/spartan3e/spartan3e/drc.xml
INFO: [Timing 38-77] Reading timing library /opt/Xilinx/14.7/ISE_DS/PlanAhead/data/parts/xilinx/spartan3e/spartan3e/spartan3e-4.lib.
INFO: [Timing 38-34] Done reading timing library /opt/Xilinx/14.7/ISE_DS/PlanAhead/data/parts/xilinx/spartan3e/spartan3e/spartan3e-4.lib.
Parsing UCF File [/media/vaibhavj/28E1-CC83/CS220Labs/Lab2_1/two_bit_adder/two_bit_adder.ucf]
Finished Parsing UCF File [/media/vaibhavj/28E1-CC83/CS220Labs/Lab2_1/two_bit_adder/two_bit_adder.ucf]
INFO: [Project 1-111] Unisim Transformation Summary:
No Unisim elements were transformed.

Phase 0 | Netlist Checksum: 319ec697
open_rtl_design: Time (s): cpu = 00:00:15 ; elapsed = 00:00:08 . Memory (MB): peak = 2821.461 ; gain = 136.641
update_compile_order -fileset sim_1
set_property package_pin "" [get_ports [list  {x[1]}]]
startgroup
set_property package_pin L13 [get_ports {x[0]}]
endgroup
startgroup
set_property package_pin L14 [get_ports {x[1]}]
endgroup
set_property is_loc_fixed false [get_ports [list  {x[1]}]]
set_property is_loc_fixed true [get_ports [list  {x[1]}]]
startgroup
set_property package_pin H18 [get_ports {y[0]}]
endgroup
startgroup
set_property package_pin N17 [get_ports {y[1]}]
endgroup
set_property is_loc_fixed false [get_ports [list  {y[1]}]]
set_property is_loc_fixed true [get_ports [list  {y[1]}]]
startgroup
set_property package_pin F12 [get_ports {z[0]}]
endgroup
startgroup
set_property package_pin E12 [get_ports {z[1]}]
endgroup
set_property is_loc_fixed false [get_ports [list  {z[1]}]]
set_property is_loc_fixed true [get_ports [list  {z[1]}]]
startgroup
set_property package_pin E11 [get_ports carry]
endgroup
set_property is_loc_fixed false [get_ports [list  carry]]
set_property is_loc_fixed true [get_ports [list  carry]]
save_constraints
exit
ERROR: [Common 17-39] 'stop_gui' failed due to earlier errors.
INFO: [Common 17-206] Exiting PlanAhead at Mon Jan 21 14:45:58 2019...
INFO: [Common 17-83] Releasing license: PlanAhead
