Running: /opt/Xilinx/14.7/ISE_DS/ISE/bin/lin64/unwrapped/fuse -intstyle ise -incremental -lib unisims_ver -lib unimacro_ver -lib xilinxcorelib_ver -o /media/vaibhavj/28E1-CC83/CS220Labs/Lab2_3/eight_bit_comp/eight_bit_comp_top_isim_beh.exe -prj /media/vaibhavj/28E1-CC83/CS220Labs/Lab2_3/eight_bit_comp/eight_bit_comp_top_beh.prj work.eight_bit_comp_top work.glbl 
ISim P.20131013 (signature 0xfbc00daa)
Number of CPUs detected in this system: 8
Turning on mult-threading, number of parallel sub-compilation jobs: 16 
Determining compilation order of HDL files
Analyzing Verilog file "/media/vaibhavj/28E1-CC83/CS220Labs/Lab2_3/eight_bit_comp/comparator.v" into library work
Analyzing Verilog file "/media/vaibhavj/28E1-CC83/CS220Labs/Lab2_3/eight_bit_comp/eight_bit_comp.v" into library work
Analyzing Verilog file "/media/vaibhavj/28E1-CC83/CS220Labs/Lab2_3/eight_bit_comp/eight_bit_comp_top.v" into library work
Analyzing Verilog file "/opt/Xilinx/14.7/ISE_DS/ISE//verilog/src/glbl.v" into library work
Starting static elaboration
Completed static elaboration
Fuse Memory Usage: 94640 KB
Fuse CPU Usage: 1000 ms
Compiling module comparator
Compiling module eight_bit_comp
Compiling module eight_bit_comp_top
Compiling module glbl
Time Resolution for simulation is 1ps.
Waiting for 1 sub-compilation(s) to finish...
Compiled 4 Verilog Units
Built simulation executable /media/vaibhavj/28E1-CC83/CS220Labs/Lab2_3/eight_bit_comp/eight_bit_comp_top_isim_beh.exe
Fuse Memory Usage: 1179176 KB
Fuse CPU Usage: 1010 ms
GCC CPU Usage: 450 ms
