--------------------------------------------------------------------------------
Release 14.7 Trace  (lin64)
Copyright (c) 1995-2013 Xilinx, Inc.  All rights reserved.

/opt/Xilinx/14.7/ISE_DS/ISE/bin/lin64/unwrapped/trce -intstyle ise -v 3 -s 4 -n
3 -fastpaths -xml module_top.twx module_top.ncd -o module_top.twr
module_top.pcf -ucf module_top.ucf

Design file:              module_top.ncd
Physical constraint file: module_top.pcf
Device,package,speed:     xc3s500e,fg320,-4 (PRODUCTION 1.27 2013-10-13)
Report level:             verbose report

Environment Variable      Effect 
--------------------      ------ 
NONE                      No environment variables were set
--------------------------------------------------------------------------------

INFO:Timing:2698 - No timing constraints found, doing default enumeration.
INFO:Timing:3412 - To improve timing, see the Timing Closure User Guide (UG612).
INFO:Timing:2752 - To get complete path coverage, use the unconstrained paths 
   option. All paths that are not constrained will be reported in the 
   unconstrained paths section(s) of the report.
INFO:Timing:3339 - The clock-to-out numbers in this timing report are based on 
   a 50 Ohm transmission line loading model.  For the details of this model, 
   and for more information on accounting for different loading conditions, 
   please see the device datasheet.
INFO:Timing:3390 - This architecture does not support a default System Jitter 
   value, please add SYSTEM_JITTER constraint to the UCF to modify the Clock 
   Uncertainty calculation.
INFO:Timing:3389 - This architecture does not support 'Discrete Jitter' and 
   'Phase Error' calculations, these terms will be zero in the Clock 
   Uncertainty calculation.  Please make appropriate modification to 
   SYSTEM_JITTER to account for the unsupported Discrete Jitter and Phase 
   Error.



Data Sheet report:
-----------------
All values displayed in nanoseconds (ns)

Setup/Hold to clock clk
------------+------------+------------+------------------+--------+
            |Max Setup to|Max Hold to |                  | Clock  |
Source      | clk (edge) | clk (edge) |Internal Clock(s) | Phase  |
------------+------------+------------+------------------+--------+
ROT_A       |    2.714(R)|   -0.185(R)|clk_BUFGP         |   0.000|
ROT_B       |    2.100(R)|    0.358(R)|clk_BUFGP         |   0.000|
inp1        |    2.634(R)|   -0.188(R)|clk_BUFGP         |   0.000|
inp2        |    2.786(R)|    0.010(R)|clk_BUFGP         |   0.000|
inp3        |    1.079(R)|    0.586(R)|clk_BUFGP         |   0.000|
inp4        |    2.375(R)|   -0.442(R)|clk_BUFGP         |   0.000|
------------+------------+------------+------------------+--------+

Clock clk to Pad
------------+------------+------------------+--------+
            | clk (edge) |                  | Clock  |
Destination |   to PAD   |Internal Clock(s) | Phase  |
------------+------------+------------------+--------+
overflow    |   17.449(R)|clk_BUFGP         |   0.000|
sum<0>      |   10.376(R)|clk_BUFGP         |   0.000|
sum<1>      |   11.205(R)|clk_BUFGP         |   0.000|
sum<2>      |   11.901(R)|clk_BUFGP         |   0.000|
sum<3>      |   13.391(R)|clk_BUFGP         |   0.000|
sum<4>      |   14.355(R)|clk_BUFGP         |   0.000|
sum<5>      |   15.881(R)|clk_BUFGP         |   0.000|
sum<6>      |   17.493(R)|clk_BUFGP         |   0.000|
------------+------------+------------------+--------+

Clock to Setup on destination clock clk
---------------+---------+---------+---------+---------+
               | Src:Rise| Src:Fall| Src:Rise| Src:Fall|
Source Clock   |Dest:Rise|Dest:Rise|Dest:Fall|Dest:Fall|
---------------+---------+---------+---------+---------+
clk            |    3.634|         |         |         |
---------------+---------+---------+---------+---------+


Analysis completed Mon Feb 25 15:16:51 2019 
--------------------------------------------------------------------------------

Trace Settings:
-------------------------
Trace Settings 

Peak Memory Usage: 347 MB



